<?xml version="1.0" encoding="UTF-8"?>
<!-- Generated by org.testng.reporters.JUnitXMLReporter -->
<testsuite ignored="10" hostname="Tavtejs-MacBook-Air.local" failures="0" tests="1" name="subtractionTest" time="6.635" errors="0" timestamp="2023-03-05T17:00:30 EST">
  <testcase classname="calculatorTests.BasicOperations" name="subtractionTest" time="0.444"/>
  <testcase classname="calculatorTests.BasicOperations" name="divisionTest" time="0.0">
    <ignored/>
  </testcase> <!-- divisionTest -->
  <testcase classname="calculatorTests.BasicOperations" name="negativeValueMulTest" time="0.0">
    <ignored/>
  </testcase> <!-- negativeValueMulTest -->
  <testcase classname="calculatorTests.BasicOperations" name="decimalValueTest" time="0.0">
    <ignored/>
  </testcase> <!-- decimalValueTest -->
  <testcase classname="calculatorTests.BasicOperations" name="deleteTest" time="0.0">
    <ignored/>
  </testcase> <!-- deleteTest -->
  <testcase classname="calculatorTests.BasicOperations" name="bodmasTest" time="0.0">
    <ignored/>
  </testcase> <!-- bodmasTest -->
  <testcase classname="calculatorTests.BasicOperations" name="multiplicationTest" time="0.0">
    <ignored/>
  </testcase> <!-- multiplicationTest -->
  <testcase classname="calculatorTests.BasicOperations" name="infinityTest" time="0.0">
    <ignored/>
  </testcase> <!-- infinityTest -->
  <testcase classname="calculatorTests.BasicOperations" name="additionTest" time="0.0">
    <ignored/>
  </testcase> <!-- additionTest -->
  <testcase classname="calculatorTests.BasicOperations" name="errorAnalysisTest1" time="0.0">
    <ignored/>
  </testcase> <!-- errorAnalysisTest1 -->
  <testcase classname="calculatorTests.BasicOperations" name="readInputDisplay" time="0.0">
    <ignored/>
  </testcase> <!-- readInputDisplay -->
</testsuite> <!-- subtractionTest -->
