<?xml version="1.0" encoding="UTF-8"?>
<!-- Generated by org.testng.reporters.JUnitXMLReporter -->
<testsuite ignored="0" hostname="Tavtejs-MacBook-Air.local" failures="0" tests="3" name="Default test" time="20.788" errors="0" timestamp="2023-03-04T14:40:54 EST">
  <testcase classname="calculatorTests.BasicOperations" name="additionTest" time="0.538"/>
  <testcase classname="calculatorTests.BasicOperations" name="divisionTest" time="0.449"/>
  <testcase classname="calculatorTests.BasicOperations" name="subtractionTest" time="0.426"/>
</testsuite> <!-- Default test -->
