<?xml version="1.0" encoding="UTF-8"?>
<!-- Generated by org.testng.reporters.JUnitXMLReporter -->
<testsuite ignored="0" hostname="Tavtejs-MacBook-Air.local" failures="0" tests="4" name="Default test" time="26.663" errors="0" timestamp="2023-03-04T15:27:28 EST">
  <testcase classname="calculatorTests.BasicOperations" name="additionTest" time="0.519"/>
  <testcase classname="calculatorTests.BasicOperations" name="divisionTest" time="0.44"/>
  <testcase classname="calculatorTests.BasicOperations" name="multiplicationTest" time="0.469"/>
  <testcase classname="calculatorTests.BasicOperations" name="subtractionTest" time="0.463"/>
</testsuite> <!-- Default test -->
