<?xml version="1.0" encoding="UTF-8"?>
<testng-results ignored="0" total="5" passed="5" failed="0" skipped="0">
  <reporter-output>
  </reporter-output>
  <suite started-at="2023-03-04T16:07:36 EST" name="Default suite" finished-at="2023-03-04T16:08:13 EST" duration-ms="37591">
    <groups>
    </groups>
    <test started-at="2023-03-04T16:07:36 EST" name="Default test" finished-at="2023-03-04T16:08:13 EST" duration-ms="37591">
      <class name="calculatorTests.BasicOperations">
        <test-method is-config="true" signature="openUrl()[pri:0, instance:calculatorTests.BasicOperations@3c73951]" started-at="2023-03-04T16:07:36 EST" name="openUrl" finished-at="2023-03-04T16:07:46 EST" duration-ms="10460" status="PASS">
          <reporter-output>
          </reporter-output>
        </test-method> <!-- openUrl -->
        <test-method signature="additionTest()[pri:0, instance:calculatorTests.BasicOperations@3c73951]" started-at="2023-03-04T16:07:46 EST" name="additionTest" finished-at="2023-03-04T16:07:47 EST" duration-ms="573" status="PASS">
          <reporter-output>
          </reporter-output>
        </test-method> <!-- additionTest -->
        <test-method is-config="true" signature="quitBrowser()[pri:0, instance:calculatorTests.BasicOperations@3c73951]" started-at="2023-03-04T16:07:47 EST" name="quitBrowser" finished-at="2023-03-04T16:07:47 EST" duration-ms="128" status="PASS">
          <reporter-output>
          </reporter-output>
        </test-method> <!-- quitBrowser -->
        <test-method is-config="true" signature="openUrl()[pri:0, instance:calculatorTests.BasicOperations@3c73951]" started-at="2023-03-04T16:07:47 EST" name="openUrl" finished-at="2023-03-04T16:07:53 EST" duration-ms="6096" status="PASS">
          <reporter-output>
          </reporter-output>
        </test-method> <!-- openUrl -->
        <test-method signature="bodmasTest()[pri:0, instance:calculatorTests.BasicOperations@3c73951]" started-at="2023-03-04T16:07:53 EST" name="bodmasTest" finished-at="2023-03-04T16:07:54 EST" duration-ms="755" status="PASS">
          <reporter-output>
          </reporter-output>
        </test-method> <!-- bodmasTest -->
        <test-method is-config="true" signature="quitBrowser()[pri:0, instance:calculatorTests.BasicOperations@3c73951]" started-at="2023-03-04T16:07:54 EST" name="quitBrowser" finished-at="2023-03-04T16:07:54 EST" duration-ms="111" status="PASS">
          <reporter-output>
          </reporter-output>
        </test-method> <!-- quitBrowser -->
        <test-method is-config="true" signature="openUrl()[pri:0, instance:calculatorTests.BasicOperations@3c73951]" started-at="2023-03-04T16:07:54 EST" name="openUrl" finished-at="2023-03-04T16:08:00 EST" duration-ms="6346" status="PASS">
          <reporter-output>
          </reporter-output>
        </test-method> <!-- openUrl -->
        <test-method signature="divisionTest()[pri:0, instance:calculatorTests.BasicOperations@3c73951]" started-at="2023-03-04T16:08:00 EST" name="divisionTest" finished-at="2023-03-04T16:08:01 EST" duration-ms="453" status="PASS">
          <reporter-output>
          </reporter-output>
        </test-method> <!-- divisionTest -->
        <test-method is-config="true" signature="quitBrowser()[pri:0, instance:calculatorTests.BasicOperations@3c73951]" started-at="2023-03-04T16:08:01 EST" name="quitBrowser" finished-at="2023-03-04T16:08:01 EST" duration-ms="111" status="PASS">
          <reporter-output>
          </reporter-output>
        </test-method> <!-- quitBrowser -->
        <test-method is-config="true" signature="openUrl()[pri:0, instance:calculatorTests.BasicOperations@3c73951]" started-at="2023-03-04T16:08:01 EST" name="openUrl" finished-at="2023-03-04T16:08:06 EST" duration-ms="5730" status="PASS">
          <reporter-output>
          </reporter-output>
        </test-method> <!-- openUrl -->
        <test-method signature="multiplicationTest()[pri:0, instance:calculatorTests.BasicOperations@3c73951]" started-at="2023-03-04T16:08:06 EST" name="multiplicationTest" finished-at="2023-03-04T16:08:07 EST" duration-ms="485" status="PASS">
          <reporter-output>
          </reporter-output>
        </test-method> <!-- multiplicationTest -->
        <test-method is-config="true" signature="quitBrowser()[pri:0, instance:calculatorTests.BasicOperations@3c73951]" started-at="2023-03-04T16:08:07 EST" name="quitBrowser" finished-at="2023-03-04T16:08:07 EST" duration-ms="112" status="PASS">
          <reporter-output>
          </reporter-output>
        </test-method> <!-- quitBrowser -->
        <test-method is-config="true" signature="openUrl()[pri:0, instance:calculatorTests.BasicOperations@3c73951]" started-at="2023-03-04T16:08:07 EST" name="openUrl" finished-at="2023-03-04T16:08:13 EST" duration-ms="5560" status="PASS">
          <reporter-output>
          </reporter-output>
        </test-method> <!-- openUrl -->
        <test-method signature="subtractionTest()[pri:0, instance:calculatorTests.BasicOperations@3c73951]" started-at="2023-03-04T16:08:13 EST" name="subtractionTest" finished-at="2023-03-04T16:08:13 EST" duration-ms="488" status="PASS">
          <reporter-output>
          </reporter-output>
        </test-method> <!-- subtractionTest -->
        <test-method is-config="true" signature="quitBrowser()[pri:0, instance:calculatorTests.BasicOperations@3c73951]" started-at="2023-03-04T16:08:13 EST" name="quitBrowser" finished-at="2023-03-04T16:08:13 EST" duration-ms="110" status="PASS">
          <reporter-output>
          </reporter-output>
        </test-method> <!-- quitBrowser -->
      </class> <!-- calculatorTests.BasicOperations -->
    </test> <!-- Default test -->
  </suite> <!-- Default suite -->
</testng-results>
